# JRE version: Java(TM) SE Runtime Environment (7.0_80-b15) (build 1.7.0_80-b15)
# Java VM: Java HotSpot(TM) 64-Bit Server VM (24.80-b11 mixed mode linux-amd64 compressed oops)
Heap
 PSYoungGen      total 125440K, used 15333K [0x00000000eaa80000, 0x00000000f3780000, 0x0000000100000000)
  eden space 110080K, 0% used [0x00000000eaa80000,0x00000000eaa80000,0x00000000f1600000)
  from space 15360K, 99% used [0x00000000f1600000,0x00000000f24f9438,0x00000000f2500000)
  to   space 11776K, 0% used [0x00000000f2500000,0x00000000f2500000,0x00000000f3080000)
 ParOldGen       total 40960K, used 40584K [0x00000000c0000000, 0x00000000c2800000, 0x00000000eaa80000)
  object space 40960K, 99% used [0x00000000c0000000,0x00000000c27a2228,0x00000000c2800000)
 PSPermGen       total 21504K, used 5569K [0x00000000bae00000, 0x00000000bc300000, 0x00000000c0000000)
  object space 21504K, 25% used [0x00000000bae00000,0x00000000bb3704c0,0x00000000bc300000)
GC Heap History (10 events):
Event: 39.400 GC heap after
Heap after GC invocations=4 (full 0):
 PSYoungGen      total 30720K, used 2016K [0x00000000eaa80000, 0x00000000eca80000, 0x0000000100000000)
  eden space 28672K, 0% used [0x00000000eaa80000,0x00000000eaa80000,0x00000000ec680000)
  from space 2048K, 98% used [0x00000000ec880000,0x00000000eca78028,0x00000000eca80000)
  to   space 2048K, 0% used [0x00000000ec680000,0x00000000ec680000,0x00000000ec880000)
 ParOldGen       total 35840K, used 8583K [0x00000000c0000000, 0x00000000c2300000, 0x00000000eaa80000)
  object space 35840K, 23% used [0x00000000c0000000,0x00000000c0861e90,0x00000000c2300000)
 PSPermGen       total 21504K, used 5420K [0x00000000bae00000, 0x00000000bc300000, 0x00000000c0000000)
  object space 21504K, 25% used [0x00000000bae00000,0x00000000bb34b058,0x00000000bc300000)
}
Event: 48.561 GC heap before
{Heap before GC invocations=5 (full 0):
 PSYoungGen      total 30720K, used 30688K [0x00000000eaa80000, 0x00000000eca80000, 0x0000000100000000)
  eden space 28672K, 100% used [0x00000000eaa80000,0x00000000ec680000,0x00000000ec680000)
  from space 2048K, 98% used [0x00000000ec880000,0x00000000eca78028,0x00000000eca80000)
  to   space 2048K, 0% used [0x00000000ec680000,0x00000000ec680000,0x00000000ec880000)
 ParOldGen       total 35840K, used 8583K [0x00000000c0000000, 0x00000000c2300000, 0x00000000eaa80000)
  object space 35840K, 23% used [0x00000000c0000000,0x00000000c0861e90,0x00000000c2300000)
 PSPermGen       total 21504K, used 5460K [0x00000000bae00000, 0x00000000bc300000, 0x00000000c0000000)
  object space 21504K, 25% used [0x00000000bae00000,0x00000000bb355328,0x00000000bc300000)
Event: 48.880 GC heap after
Heap after GC invocations=5 (full 0):
 PSYoungGen      total 30720K, used 2016K [0x00000000eaa80000, 0x00000000eef80000, 0x0000000100000000)
  eden space 28672K, 0% used [0x00000000eaa80000,0x00000000eaa80000,0x00000000ec680000)
  from space 2048K, 98% used [0x00000000ec680000,0x00000000ec878028,0x00000000ec880000)
  to   space 6656K, 0% used [0x00000000ee900000,0x00000000ee900000,0x00000000eef80000)
 ParOldGen       total 35840K, used 13133K [0x00000000c0000000, 0x00000000c2300000, 0x00000000eaa80000)
  object space 35840K, 36% used [0x00000000c0000000,0x00000000c0cd3678,0x00000000c2300000)
 PSPermGen       total 21504K, used 5460K [0x00000000bae00000, 0x00000000bc300000, 0x00000000c0000000)
  object space 21504K, 25% used [0x00000000bae00000,0x00000000bb355328,0x00000000bc300000)
}
Event: 54.320 GC heap before
{Heap before GC invocations=6 (full 0):
 PSYoungGen      total 30720K, used 30688K [0x00000000eaa80000, 0x00000000eef80000, 0x0000000100000000)
  eden space 28672K, 100% used [0x00000000eaa80000,0x00000000ec680000,0x00000000ec680000)
  from space 2048K, 98% used [0x00000000ec680000,0x00000000ec878028,0x00000000ec880000)
  to   space 6656K, 0% used [0x00000000ee900000,0x00000000ee900000,0x00000000eef80000)
 ParOldGen       total 35840K, used 13133K [0x00000000c0000000, 0x00000000c2300000, 0x00000000eaa80000)
  object space 35840K, 36% used [0x00000000c0000000,0x00000000c0cd3678,0x00000000c2300000)
 PSPermGen       total 21504K, used 5476K [0x00000000bae00000, 0x00000000bc300000, 0x00000000c0000000)
  object space 21504K, 25% used [0x00000000bae00000,0x00000000bb3591d0,0x00000000bc300000)
Event: 54.559 GC heap after
Heap after GC invocations=6 (full 0):
 PSYoungGen      total 63488K, used 6027K [0x00000000eaa80000, 0x00000000ef080000, 0x0000000100000000)
  eden space 56832K, 0% used [0x00000000eaa80000,0x00000000eaa80000,0x00000000ee200000)
  from space 6656K, 90% used [0x00000000ee900000,0x00000000eeee2dd0,0x00000000eef80000)
  to   space 7168K, 0% used [0x00000000ee200000,0x00000000ee200000,0x00000000ee900000)
 ParOldGen       total 35840K, used 13133K [0x00000000c0000000, 0x00000000c2300000, 0x00000000eaa80000)
  object space 35840K, 36% used [0x00000000c0000000,0x00000000c0cd3678,0x00000000c2300000)
 PSPermGen       total 21504K, used 5476K [0x00000000bae00000, 0x00000000bc300000, 0x00000000c0000000)
  object space 21504K, 25% used [0x00000000bae00000,0x00000000bb3591d0,0x00000000bc300000)
}
Event: 68.656 GC heap before
{Heap before GC invocations=7 (full 0):
 PSYoungGen      total 63488K, used 62859K [0x00000000eaa80000, 0x00000000ef080000, 0x0000000100000000)
  eden space 56832K, 100% used [0x00000000eaa80000,0x00000000ee200000,0x00000000ee200000)
  from space 6656K, 90% used [0x00000000ee900000,0x00000000eeee2dd0,0x00000000eef80000)
  to   space 7168K, 0% used [0x00000000ee200000,0x00000000ee200000,0x00000000ee900000)
 ParOldGen       total 35840K, used 13133K [0x00000000c0000000, 0x00000000c2300000, 0x00000000eaa80000)
  object space 35840K, 36% used [0x00000000c0000000,0x00000000c0cd3678,0x00000000c2300000)
 PSPermGen       total 21504K, used 5511K [0x00000000bae00000, 0x00000000bc300000, 0x00000000c0000000)
  object space 21504K, 25% used [0x00000000bae00000,0x00000000bb361d98,0x00000000bc300000)
Event: 69.800 GC heap after
Heap after GC invocations=7 (full 0):
 PSYoungGen      total 64000K, used 7159K [0x00000000eaa80000, 0x00000000f3080000, 0x0000000100000000)
  eden space 56832K, 0% used [0x00000000eaa80000,0x00000000eaa80000,0x00000000ee200000)
  from space 7168K, 99% used [0x00000000ee200000,0x00000000ee8fdc20,0x00000000ee900000)
  to   space 11776K, 0% used [0x00000000f2500000,0x00000000f2500000,0x00000000f3080000)
 ParOldGen       total 35840K, used 20671K [0x00000000c0000000, 0x00000000c2300000, 0x00000000eaa80000)
  object space 35840K, 57% used [0x00000000c0000000,0x00000000c142fe88,0x00000000c2300000)
 PSPermGen       total 21504K, used 5511K [0x00000000bae00000, 0x00000000bc300000, 0x00000000c0000000)
  object space 21504K, 25% used [0x00000000bae00000,0x00000000bb361d98,0x00000000bc300000)
}
Event: 79.933 GC heap before
{Heap before GC invocations=8 (full 0):
 PSYoungGen      total 64000K, used 63991K [0x00000000eaa80000, 0x00000000f3080000, 0x0000000100000000)
  eden space 56832K, 100% used [0x00000000eaa80000,0x00000000ee200000,0x00000000ee200000)
  from space 7168K, 99% used [0x00000000ee200000,0x00000000ee8fdc20,0x00000000ee900000)
  to   space 11776K, 0% used [0x00000000f2500000,0x00000000f2500000,0x00000000f3080000)
 ParOldGen       total 35840K, used 20671K [0x00000000c0000000, 0x00000000c2300000, 0x00000000eaa80000)
  object space 35840K, 57% used [0x00000000c0000000,0x00000000c142fe88,0x00000000c2300000)
 PSPermGen       total 21504K, used 5524K [0x00000000bae00000, 0x00000000bc300000, 0x00000000c0000000)
  object space 21504K, 25% used [0x00000000bae00000,0x00000000bb365018,0x00000000bc300000)
Event: 80.513 GC heap after
Heap after GC invocations=8 (full 0):
 PSYoungGen      total 121856K, used 11760K [0x00000000eaa80000, 0x00000000f3780000, 0x0000000100000000)
  eden space 110080K, 0% used [0x00000000eaa80000,0x00000000eaa80000,0x00000000f1600000)
  from space 11776K, 99% used [0x00000000f2500000,0x00000000f307c238,0x00000000f3080000)
  to   space 15360K, 0% used [0x00000000f1600000,0x00000000f1600000,0x00000000f2500000)
 ParOldGen       total 35840K, used 25653K [0x00000000c0000000, 0x00000000c2300000, 0x00000000eaa80000)
  object space 35840K, 71% used [0x00000000c0000000,0x00000000c190d5c0,0x00000000c2300000)
 PSPermGen       total 21504K, used 5524K [0x00000000bae00000, 0x00000000bc300000, 0x00000000c0000000)
  object space 21504K, 25% used [0x00000000bae00000,0x00000000bb365018,0x00000000bc300000)
}
Event: 95.272 GC heap before
{Heap before GC invocations=9 (full 0):
 PSYoungGen      total 121856K, used 121840K [0x00000000eaa80000, 0x00000000f3780000, 0x0000000100000000)
  eden space 110080K, 100% used [0x00000000eaa80000,0x00000000f1600000,0x00000000f1600000)
  from space 11776K, 99% used [0x00000000f2500000,0x00000000f307c238,0x00000000f3080000)
  to   space 15360K, 0% used [0x00000000f1600000,0x00000000f1600000,0x00000000f2500000)
 ParOldGen       total 35840K, used 25653K [0x00000000c0000000, 0x00000000c2300000, 0x00000000eaa80000)
  object space 35840K, 71% used [0x00000000c0000000,0x00000000c190d5c0,0x00000000c2300000)
 PSPermGen       total 21504K, used 5569K [0x00000000bae00000, 0x00000000bc300000, 0x00000000c0000000)
  object space 21504K, 25% used [0x00000000bae00000,0x00000000bb3704c0,0x00000000bc300000)

