# JRE version: Java(TM) SE Runtime Environment (7.0_80-b15) (build 1.7.0_80-b15)
# Java VM: Java HotSpot(TM) 64-Bit Server VM (24.80-b11 mixed mode linux-amd64 compressed oops)
Heap
 PSYoungGen      total 99328K, used 14846K [0x00000000eaa80000, 0x00000000f1d00000, 0x0000000100000000)
  eden space 84480K, 0% used [0x00000000eaa80000,0x00000000eaa80000,0x00000000efd00000)
  from space 14848K, 99% used [0x00000000efd00000,0x00000000f0b7fac0,0x00000000f0b80000)
  to   space 15872K, 0% used [0x00000000f0b80000,0x00000000f0b80000,0x00000000f1b00000)
 ParOldGen       total 50688K, used 30690K [0x00000000c0000000, 0x00000000c3180000, 0x00000000eaa80000)
  object space 50688K, 60% used [0x00000000c0000000,0x00000000c1df8900,0x00000000c3180000)
 PSPermGen       total 21504K, used 5065K [0x00000000bae00000, 0x00000000bc300000, 0x00000000c0000000)
  object space 21504K, 23% used [0x00000000bae00000,0x00000000bb2f27a0,0x00000000bc300000)
GC Heap History (10 events):
Event: 16.063 GC heap after
Heap after GC invocations=3 (full 0):
 PSYoungGen      total 30720K, used 2034K [0x00000000eaa80000, 0x00000000ee680000, 0x0000000100000000)
  eden space 28672K, 0% used [0x00000000eaa80000,0x00000000eaa80000,0x00000000ec680000)
  from space 2048K, 99% used [0x00000000ec680000,0x00000000ec87c9a8,0x00000000ec880000)
  to   space 2048K, 0% used [0x00000000ee480000,0x00000000ee480000,0x00000000ee680000)
 ParOldGen       total 35840K, used 15950K [0x00000000c0000000, 0x00000000c2300000, 0x00000000eaa80000)
  object space 35840K, 44% used [0x00000000c0000000,0x00000000c0f93990,0x00000000c2300000)
 PSPermGen       total 21504K, used 4978K [0x00000000bae00000, 0x00000000bc300000, 0x00000000c0000000)
  object space 21504K, 23% used [0x00000000bae00000,0x00000000bb2dc8c8,0x00000000bc300000)
}
Event: 20.626 GC heap before
{Heap before GC invocations=4 (full 0):
 PSYoungGen      total 30720K, used 30706K [0x00000000eaa80000, 0x00000000ee680000, 0x0000000100000000)
  eden space 28672K, 100% used [0x00000000eaa80000,0x00000000ec680000,0x00000000ec680000)
  from space 2048K, 99% used [0x00000000ec680000,0x00000000ec87c9a8,0x00000000ec880000)
  to   space 2048K, 0% used [0x00000000ee480000,0x00000000ee480000,0x00000000ee680000)
 ParOldGen       total 35840K, used 15950K [0x00000000c0000000, 0x00000000c2300000, 0x00000000eaa80000)
  object space 35840K, 44% used [0x00000000c0000000,0x00000000c0f93990,0x00000000c2300000)
 PSPermGen       total 21504K, used 5018K [0x00000000bae00000, 0x00000000bc300000, 0x00000000c0000000)
  object space 21504K, 23% used [0x00000000bae00000,0x00000000bb2e6a60,0x00000000bc300000)
Event: 20.850 GC heap after
Heap after GC invocations=4 (full 0):
 PSYoungGen      total 59392K, used 2029K [0x00000000eaa80000, 0x00000000ee680000, 0x0000000100000000)
  eden space 57344K, 0% used [0x00000000eaa80000,0x00000000eaa80000,0x00000000ee280000)
  from space 2048K, 99% used [0x00000000ee480000,0x00000000ee67b6b8,0x00000000ee680000)
  to   space 2048K, 0% used [0x00000000ee280000,0x00000000ee280000,0x00000000ee480000)
 ParOldGen       total 35840K, used 25935K [0x00000000c0000000, 0x00000000c2300000, 0x00000000eaa80000)
  object space 35840K, 72% used [0x00000000c0000000,0x00000000c1953d08,0x00000000c2300000)
 PSPermGen       total 21504K, used 5018K [0x00000000bae00000, 0x00000000bc300000, 0x00000000c0000000)
  object space 21504K, 23% used [0x00000000bae00000,0x00000000bb2e6a60,0x00000000bc300000)
}
Event: 20.850 GC heap before
{Heap before GC invocations=5 (full 1):
 PSYoungGen      total 59392K, used 2029K [0x00000000eaa80000, 0x00000000ee680000, 0x0000000100000000)
  eden space 57344K, 0% used [0x00000000eaa80000,0x00000000eaa80000,0x00000000ee280000)
  from space 2048K, 99% used [0x00000000ee480000,0x00000000ee67b6b8,0x00000000ee680000)
  to   space 2048K, 0% used [0x00000000ee280000,0x00000000ee280000,0x00000000ee480000)
 ParOldGen       total 35840K, used 25935K [0x00000000c0000000, 0x00000000c2300000, 0x00000000eaa80000)
  object space 35840K, 72% used [0x00000000c0000000,0x00000000c1953d08,0x00000000c2300000)
 PSPermGen       total 21504K, used 5018K [0x00000000bae00000, 0x00000000bc300000, 0x00000000c0000000)
  object space 21504K, 23% used [0x00000000bae00000,0x00000000bb2e6a60,0x00000000bc300000)
Event: 21.412 GC heap after
Heap after GC invocations=5 (full 1):
 PSYoungGen      total 59392K, used 0K [0x00000000eaa80000, 0x00000000ee680000, 0x0000000100000000)
  eden space 57344K, 0% used [0x00000000eaa80000,0x00000000eaa80000,0x00000000ee280000)
  from space 2048K, 0% used [0x00000000ee480000,0x00000000ee480000,0x00000000ee680000)
  to   space 2048K, 0% used [0x00000000ee280000,0x00000000ee280000,0x00000000ee480000)
 ParOldGen       total 50688K, used 14699K [0x00000000c0000000, 0x00000000c3180000, 0x00000000eaa80000)
  object space 50688K, 28% used [0x00000000c0000000,0x00000000c0e5ac80,0x00000000c3180000)
 PSPermGen       total 21504K, used 5016K [0x00000000bae00000, 0x00000000bc300000, 0x00000000c0000000)
  object space 21504K, 23% used [0x00000000bae00000,0x00000000bb2e6128,0x00000000bc300000)
}
Event: 27.803 GC heap before
{Heap before GC invocations=6 (full 1):
 PSYoungGen      total 59392K, used 57344K [0x00000000eaa80000, 0x00000000ee680000, 0x0000000100000000)
  eden space 57344K, 100% used [0x00000000eaa80000,0x00000000ee280000,0x00000000ee280000)
  from space 2048K, 0% used [0x00000000ee480000,0x00000000ee480000,0x00000000ee680000)
  to   space 2048K, 0% used [0x00000000ee280000,0x00000000ee280000,0x00000000ee480000)
 ParOldGen       total 50688K, used 14699K [0x00000000c0000000, 0x00000000c3180000, 0x00000000eaa80000)
  object space 50688K, 28% used [0x00000000c0000000,0x00000000c0e5ac80,0x00000000c3180000)
 PSPermGen       total 21504K, used 5039K [0x00000000bae00000, 0x00000000bc300000, 0x00000000c0000000)
  object space 21504K, 23% used [0x00000000bae00000,0x00000000bb2ebf90,0x00000000bc300000)
Event: 27.875 GC heap after
Heap after GC invocations=6 (full 1):
 PSYoungGen      total 59392K, used 2016K [0x00000000eaa80000, 0x00000000f1b00000, 0x0000000100000000)
  eden space 57344K, 0% used [0x00000000eaa80000,0x00000000eaa80000,0x00000000ee280000)
  from space 2048K, 98% used [0x00000000ee280000,0x00000000ee478148,0x00000000ee480000)
  to   space 15872K, 0% used [0x00000000f0b80000,0x00000000f0b80000,0x00000000f1b00000)
 ParOldGen       total 50688K, used 23070K [0x00000000c0000000, 0x00000000c3180000, 0x00000000eaa80000)
  object space 50688K, 45% used [0x00000000c0000000,0x00000000c1687828,0x00000000c3180000)
 PSPermGen       total 21504K, used 5039K [0x00000000bae00000, 0x00000000bc300000, 0x00000000c0000000)
  object space 21504K, 23% used [0x00000000bae00000,0x00000000bb2ebf90,0x00000000bc300000)
}
Event: 30.224 GC heap before
{Heap before GC invocations=7 (full 1):
 PSYoungGen      total 59392K, used 59360K [0x00000000eaa80000, 0x00000000f1b00000, 0x0000000100000000)
  eden space 57344K, 100% used [0x00000000eaa80000,0x00000000ee280000,0x00000000ee280000)
  from space 2048K, 98% used [0x00000000ee280000,0x00000000ee478148,0x00000000ee480000)
  to   space 15872K, 0% used [0x00000000f0b80000,0x00000000f0b80000,0x00000000f1b00000)
 ParOldGen       total 50688K, used 23070K [0x00000000c0000000, 0x00000000c3180000, 0x00000000eaa80000)
  object space 50688K, 45% used [0x00000000c0000000,0x00000000c1687828,0x00000000c3180000)
 PSPermGen       total 21504K, used 5048K [0x00000000bae00000, 0x00000000bc300000, 0x00000000c0000000)
  object space 21504K, 23% used [0x00000000bae00000,0x00000000bb2ee128,0x00000000bc300000)
Event: 30.343 GC heap after
Heap after GC invocations=7 (full 1):
 PSYoungGen      total 100352K, used 8396K [0x00000000eaa80000, 0x00000000f1d00000, 0x0000000100000000)
  eden space 84480K, 0% used [0x00000000eaa80000,0x00000000eaa80000,0x00000000efd00000)
  from space 15872K, 52% used [0x00000000f0b80000,0x00000000f13b3098,0x00000000f1b00000)
  to   space 14848K, 0% used [0x00000000efd00000,0x00000000efd00000,0x00000000f0b80000)
 ParOldGen       total 50688K, used 23070K [0x00000000c0000000, 0x00000000c3180000, 0x00000000eaa80000)
  object space 50688K, 45% used [0x00000000c0000000,0x00000000c1687828,0x00000000c3180000)
 PSPermGen       total 21504K, used 5048K [0x00000000bae00000, 0x00000000bc300000, 0x00000000c0000000)
  object space 21504K, 23% used [0x00000000bae00000,0x00000000bb2ee128,0x00000000bc300000)
}
Event: 34.439 GC heap before
{Heap before GC invocations=8 (full 1):
 PSYoungGen      total 100352K, used 92876K [0x00000000eaa80000, 0x00000000f1d00000, 0x0000000100000000)
  eden space 84480K, 100% used [0x00000000eaa80000,0x00000000efd00000,0x00000000efd00000)
  from space 15872K, 52% used [0x00000000f0b80000,0x00000000f13b3098,0x00000000f1b00000)
  to   space 14848K, 0% used [0x00000000efd00000,0x00000000efd00000,0x00000000f0b80000)
 ParOldGen       total 50688K, used 23070K [0x00000000c0000000, 0x00000000c3180000, 0x00000000eaa80000)
  object space 50688K, 45% used [0x00000000c0000000,0x00000000c1687828,0x00000000c3180000)
 PSPermGen       total 21504K, used 5065K [0x00000000bae00000, 0x00000000bc300000, 0x00000000c0000000)
  object space 21504K, 23% used [0x00000000bae00000,0x00000000bb2f27a0,0x00000000bc300000)

