# JRE version: Java(TM) SE Runtime Environment (7.0_80-b15) (build 1.7.0_80-b15)
# Java VM: Java HotSpot(TM) 64-Bit Server VM (24.80-b11 mixed mode linux-amd64 compressed oops)
Heap
 PSYoungGen      total 100352K, used 2001K [0x00000000eaa80000, 0x00000000f5280000, 0x0000000100000000)
  eden space 72192K, 0% used [0x00000000eaa80000,0x00000000eaa80000,0x00000000ef100000)
  from space 28160K, 7% used [0x00000000ef100000,0x00000000ef2f4410,0x00000000f0c80000)
  to   space 35840K, 0% used [0x00000000f2f80000,0x00000000f2f80000,0x00000000f5280000)
 ParOldGen       total 52224K, used 51983K [0x00000000c0000000, 0x00000000c3300000, 0x00000000eaa80000)
  object space 52224K, 99% used [0x00000000c0000000,0x00000000c32c3ff8,0x00000000c3300000)
 PSPermGen       total 21504K, used 5100K [0x00000000bae00000, 0x00000000bc300000, 0x00000000c0000000)
  object space 21504K, 23% used [0x00000000bae00000,0x00000000bb2fb3c8,0x00000000bc300000)
GC Heap History (10 events):
Event: 29.290 GC heap after
Heap after GC invocations=8 (full 1):
 PSYoungGen      total 67072K, used 10684K [0x00000000eaa80000, 0x00000000f0300000, 0x0000000100000000)
  eden space 53248K, 0% used [0x00000000eaa80000,0x00000000eaa80000,0x00000000ede80000)
  from space 13824K, 77% used [0x00000000ede80000,0x00000000ee8ef350,0x00000000eec00000)
  to   space 14336K, 0% used [0x00000000ef500000,0x00000000ef500000,0x00000000f0300000)
 ParOldGen       total 52224K, used 18580K [0x00000000c0000000, 0x00000000c3300000, 0x00000000eaa80000)
  object space 52224K, 35% used [0x00000000c0000000,0x00000000c1225180,0x00000000c3300000)
 PSPermGen       total 21504K, used 5063K [0x00000000bae00000, 0x00000000bc300000, 0x00000000c0000000)
  object space 21504K, 23% used [0x00000000bae00000,0x00000000bb2f1e08,0x00000000bc300000)
}
Event: 33.815 GC heap before
{Heap before GC invocations=9 (full 1):
 PSYoungGen      total 67072K, used 63932K [0x00000000eaa80000, 0x00000000f0300000, 0x0000000100000000)
  eden space 53248K, 100% used [0x00000000eaa80000,0x00000000ede80000,0x00000000ede80000)
  from space 13824K, 77% used [0x00000000ede80000,0x00000000ee8ef350,0x00000000eec00000)
  to   space 14336K, 0% used [0x00000000ef500000,0x00000000ef500000,0x00000000f0300000)
 ParOldGen       total 52224K, used 18580K [0x00000000c0000000, 0x00000000c3300000, 0x00000000eaa80000)
  object space 52224K, 35% used [0x00000000c0000000,0x00000000c1225180,0x00000000c3300000)
 PSPermGen       total 21504K, used 5074K [0x00000000bae00000, 0x00000000bc300000, 0x00000000c0000000)
  object space 21504K, 23% used [0x00000000bae00000,0x00000000bb2f4a48,0x00000000bc300000)
Event: 34.038 GC heap after
Heap after GC invocations=9 (full 1):
 PSYoungGen      total 72704K, used 14328K [0x00000000eaa80000, 0x00000000f1b80000, 0x0000000100000000)
  eden space 58368K, 0% used [0x00000000eaa80000,0x00000000eaa80000,0x00000000ee380000)
  from space 14336K, 99% used [0x00000000ef500000,0x00000000f02fe3b8,0x00000000f0300000)
  to   space 17920K, 0% used [0x00000000ee380000,0x00000000ee380000,0x00000000ef500000)
 ParOldGen       total 52224K, used 22021K [0x00000000c0000000, 0x00000000c3300000, 0x00000000eaa80000)
  object space 52224K, 42% used [0x00000000c0000000,0x00000000c1581620,0x00000000c3300000)
 PSPermGen       total 21504K, used 5074K [0x00000000bae00000, 0x00000000bc300000, 0x00000000c0000000)
  object space 21504K, 23% used [0x00000000bae00000,0x00000000bb2f4a48,0x00000000bc300000)
}
Event: 37.356 GC heap before
{Heap before GC invocations=10 (full 1):
 PSYoungGen      total 72704K, used 72696K [0x00000000eaa80000, 0x00000000f1b80000, 0x0000000100000000)
  eden space 58368K, 100% used [0x00000000eaa80000,0x00000000ee380000,0x00000000ee380000)
  from space 14336K, 99% used [0x00000000ef500000,0x00000000f02fe3b8,0x00000000f0300000)
  to   space 17920K, 0% used [0x00000000ee380000,0x00000000ee380000,0x00000000ef500000)
 ParOldGen       total 52224K, used 22021K [0x00000000c0000000, 0x00000000c3300000, 0x00000000eaa80000)
  object space 52224K, 42% used [0x00000000c0000000,0x00000000c1581620,0x00000000c3300000)
 PSPermGen       total 21504K, used 5082K [0x00000000bae00000, 0x00000000bc300000, 0x00000000c0000000)
  object space 21504K, 23% used [0x00000000bae00000,0x00000000bb2f6ad0,0x00000000bc300000)
Event: 37.515 GC heap after
Heap after GC invocations=10 (full 1):
 PSYoungGen      total 76288K, used 17917K [0x00000000eaa80000, 0x00000000f2380000, 0x0000000100000000)
  eden space 58368K, 0% used [0x00000000eaa80000,0x00000000eaa80000,0x00000000ee380000)
  from space 17920K, 99% used [0x00000000ee380000,0x00000000ef4ff680,0x00000000ef500000)
  to   space 23552K, 0% used [0x00000000f0c80000,0x00000000f0c80000,0x00000000f2380000)
 ParOldGen       total 52224K, used 29346K [0x00000000c0000000, 0x00000000c3300000, 0x00000000eaa80000)
  object space 52224K, 56% used [0x00000000c0000000,0x00000000c1ca8848,0x00000000c3300000)
 PSPermGen       total 21504K, used 5082K [0x00000000bae00000, 0x00000000bc300000, 0x00000000c0000000)
  object space 21504K, 23% used [0x00000000bae00000,0x00000000bb2f6ad0,0x00000000bc300000)
}
Event: 39.623 GC heap before
{Heap before GC invocations=11 (full 1):
 PSYoungGen      total 76288K, used 76285K [0x00000000eaa80000, 0x00000000f2380000, 0x0000000100000000)
  eden space 58368K, 100% used [0x00000000eaa80000,0x00000000ee380000,0x00000000ee380000)
  from space 17920K, 99% used [0x00000000ee380000,0x00000000ef4ff680,0x00000000ef500000)
  to   space 23552K, 0% used [0x00000000f0c80000,0x00000000f0c80000,0x00000000f2380000)
 ParOldGen       total 52224K, used 29346K [0x00000000c0000000, 0x00000000c3300000, 0x00000000eaa80000)
  object space 52224K, 56% used [0x00000000c0000000,0x00000000c1ca8848,0x00000000c3300000)
 PSPermGen       total 21504K, used 5092K [0x00000000bae00000, 0x00000000bc300000, 0x00000000c0000000)
  object space 21504K, 23% used [0x00000000bae00000,0x00000000bb2f93a0,0x00000000bc300000)
Event: 39.947 GC heap after
Heap after GC invocations=11 (full 1):
 PSYoungGen      total 95744K, used 23533K [0x00000000eaa80000, 0x00000000f3080000, 0x0000000100000000)
  eden space 72192K, 0% used [0x00000000eaa80000,0x00000000eaa80000,0x00000000ef100000)
  from space 23552K, 99% used [0x00000000f0c80000,0x00000000f237b768,0x00000000f2380000)
  to   space 28160K, 0% used [0x00000000ef100000,0x00000000ef100000,0x00000000f0c80000)
 ParOldGen       total 52224K, used 32927K [0x00000000c0000000, 0x00000000c3300000, 0x00000000eaa80000)
  object space 52224K, 63% used [0x00000000c0000000,0x00000000c2027f78,0x00000000c3300000)
 PSPermGen       total 21504K, used 5092K [0x00000000bae00000, 0x00000000bc300000, 0x00000000c0000000)
  object space 21504K, 23% used [0x00000000bae00000,0x00000000bb2f93a0,0x00000000bc300000)
}
Event: 44.191 GC heap before
{Heap before GC invocations=12 (full 1):
 PSYoungGen      total 95744K, used 95725K [0x00000000eaa80000, 0x00000000f3080000, 0x0000000100000000)
  eden space 72192K, 100% used [0x00000000eaa80000,0x00000000ef100000,0x00000000ef100000)
  from space 23552K, 99% used [0x00000000f0c80000,0x00000000f237b768,0x00000000f2380000)
  to   space 28160K, 0% used [0x00000000ef100000,0x00000000ef100000,0x00000000f0c80000)
 ParOldGen       total 52224K, used 32927K [0x00000000c0000000, 0x00000000c3300000, 0x00000000eaa80000)
  object space 52224K, 63% used [0x00000000c0000000,0x00000000c2027f78,0x00000000c3300000)
 PSPermGen       total 21504K, used 5102K [0x00000000bae00000, 0x00000000bc300000, 0x00000000c0000000)
  object space 21504K, 23% used [0x00000000bae00000,0x00000000bb2fba28,0x00000000bc300000)
Event: 44.584 GC heap after
Heap after GC invocations=12 (full 1):
 PSYoungGen      total 100352K, used 28128K [0x00000000eaa80000, 0x00000000f5280000, 0x0000000100000000)
  eden space 72192K, 0% used [0x00000000eaa80000,0x00000000eaa80000,0x00000000ef100000)
  from space 28160K, 99% used [0x00000000ef100000,0x00000000f0c78068,0x00000000f0c80000)
  to   space 35840K, 0% used [0x00000000f2f80000,0x00000000f2f80000,0x00000000f5280000)
 ParOldGen       total 52224K, used 42675K [0x00000000c0000000, 0x00000000c3300000, 0x00000000eaa80000)
  object space 52224K, 81% used [0x00000000c0000000,0x00000000c29acd78,0x00000000c3300000)
 PSPermGen       total 21504K, used 5102K [0x00000000bae00000, 0x00000000bc300000, 0x00000000c0000000)
  object space 21504K, 23% used [0x00000000bae00000,0x00000000bb2fba28,0x00000000bc300000)
}
Event: 44.584 GC heap before
{Heap before GC invocations=13 (full 2):
 PSYoungGen      total 100352K, used 28128K [0x00000000eaa80000, 0x00000000f5280000, 0x0000000100000000)
  eden space 72192K, 0% used [0x00000000eaa80000,0x00000000eaa80000,0x00000000ef100000)
  from space 28160K, 99% used [0x00000000ef100000,0x00000000f0c78068,0x00000000f0c80000)
  to   space 35840K, 0% used [0x00000000f2f80000,0x00000000f2f80000,0x00000000f5280000)
 ParOldGen       total 52224K, used 42675K [0x00000000c0000000, 0x00000000c3300000, 0x00000000eaa80000)
  object space 52224K, 81% used [0x00000000c0000000,0x00000000c29acd78,0x00000000c3300000)
 PSPermGen       total 21504K, used 5102K [0x00000000bae00000, 0x00000000bc300000, 0x00000000c0000000)
  object space 21504K, 23% used [0x00000000bae00000,0x00000000bb2fba28,0x00000000bc300000)

