# JRE version: Java(TM) SE Runtime Environment (7.0_80-b15) (build 1.7.0_80-b15)
# Java VM: Java HotSpot(TM) 64-Bit Server VM (24.80-b11 mixed mode linux-amd64 compressed oops)
Heap
 PSYoungGen      total 125440K, used 15859K [0x00000000eaa80000, 0x00000000f3880000, 0x0000000100000000)
  eden space 109568K, 0% used [0x00000000eaa80000,0x00000000eaa80000,0x00000000f1580000)
  from space 15872K, 99% used [0x00000000f1580000,0x00000000f24fcdf8,0x00000000f2500000)
  to   space 11776K, 0% used [0x00000000f2500000,0x00000000f2500000,0x00000000f3080000)
 ParOldGen       total 39936K, used 39723K [0x00000000c0000000, 0x00000000c2700000, 0x00000000eaa80000)
  object space 39936K, 99% used [0x00000000c0000000,0x00000000c26cafb0,0x00000000c2700000)
 PSPermGen       total 21504K, used 5565K [0x00000000bae00000, 0x00000000bc300000, 0x00000000c0000000)
  object space 21504K, 25% used [0x00000000bae00000,0x00000000bb36f778,0x00000000bc300000)
GC Heap History (10 events):
Event: 32.343 GC heap after
Heap after GC invocations=4 (full 0):
 PSYoungGen      total 30720K, used 2032K [0x00000000eaa80000, 0x00000000eca80000, 0x0000000100000000)
  eden space 28672K, 0% used [0x00000000eaa80000,0x00000000eaa80000,0x00000000ec680000)
  from space 2048K, 99% used [0x00000000ec880000,0x00000000eca7c038,0x00000000eca80000)
  to   space 2048K, 0% used [0x00000000ec680000,0x00000000ec680000,0x00000000ec880000)
 ParOldGen       total 35840K, used 8572K [0x00000000c0000000, 0x00000000c2300000, 0x00000000eaa80000)
  object space 35840K, 23% used [0x00000000c0000000,0x00000000c085f370,0x00000000c2300000)
 PSPermGen       total 21504K, used 5422K [0x00000000bae00000, 0x00000000bc300000, 0x00000000c0000000)
  object space 21504K, 25% used [0x00000000bae00000,0x00000000bb34baa8,0x00000000bc300000)
}
Event: 42.367 GC heap before
{Heap before GC invocations=5 (full 0):
 PSYoungGen      total 30720K, used 30704K [0x00000000eaa80000, 0x00000000eca80000, 0x0000000100000000)
  eden space 28672K, 100% used [0x00000000eaa80000,0x00000000ec680000,0x00000000ec680000)
  from space 2048K, 99% used [0x00000000ec880000,0x00000000eca7c038,0x00000000eca80000)
  to   space 2048K, 0% used [0x00000000ec680000,0x00000000ec680000,0x00000000ec880000)
 ParOldGen       total 35840K, used 8572K [0x00000000c0000000, 0x00000000c2300000, 0x00000000eaa80000)
  object space 35840K, 23% used [0x00000000c0000000,0x00000000c085f370,0x00000000c2300000)
 PSPermGen       total 21504K, used 5457K [0x00000000bae00000, 0x00000000bc300000, 0x00000000c0000000)
  object space 21504K, 25% used [0x00000000bae00000,0x00000000bb3547c0,0x00000000bc300000)
Event: 42.599 GC heap after
Heap after GC invocations=5 (full 0):
 PSYoungGen      total 30720K, used 2040K [0x00000000eaa80000, 0x00000000eef80000, 0x0000000100000000)
  eden space 28672K, 0% used [0x00000000eaa80000,0x00000000eaa80000,0x00000000ec680000)
  from space 2048K, 99% used [0x00000000ec680000,0x00000000ec87e050,0x00000000ec880000)
  to   space 6656K, 0% used [0x00000000ee900000,0x00000000ee900000,0x00000000eef80000)
 ParOldGen       total 35840K, used 13135K [0x00000000c0000000, 0x00000000c2300000, 0x00000000eaa80000)
  object space 35840K, 36% used [0x00000000c0000000,0x00000000c0cd3f10,0x00000000c2300000)
 PSPermGen       total 21504K, used 5457K [0x00000000bae00000, 0x00000000bc300000, 0x00000000c0000000)
  object space 21504K, 25% used [0x00000000bae00000,0x00000000bb3547c0,0x00000000bc300000)
}
Event: 49.607 GC heap before
{Heap before GC invocations=6 (full 0):
 PSYoungGen      total 30720K, used 30712K [0x00000000eaa80000, 0x00000000eef80000, 0x0000000100000000)
  eden space 28672K, 100% used [0x00000000eaa80000,0x00000000ec680000,0x00000000ec680000)
  from space 2048K, 99% used [0x00000000ec680000,0x00000000ec87e050,0x00000000ec880000)
  to   space 6656K, 0% used [0x00000000ee900000,0x00000000ee900000,0x00000000eef80000)
 ParOldGen       total 35840K, used 13135K [0x00000000c0000000, 0x00000000c2300000, 0x00000000eaa80000)
  object space 35840K, 36% used [0x00000000c0000000,0x00000000c0cd3f10,0x00000000c2300000)
 PSPermGen       total 21504K, used 5473K [0x00000000bae00000, 0x00000000bc300000, 0x00000000c0000000)
  object space 21504K, 25% used [0x00000000bae00000,0x00000000bb3585d8,0x00000000bc300000)
Event: 49.971 GC heap after
Heap after GC invocations=6 (full 0):
 PSYoungGen      total 63488K, used 6110K [0x00000000eaa80000, 0x00000000ef080000, 0x0000000100000000)
  eden space 56832K, 0% used [0x00000000eaa80000,0x00000000eaa80000,0x00000000ee200000)
  from space 6656K, 91% used [0x00000000ee900000,0x00000000eeef7868,0x00000000eef80000)
  to   space 7168K, 0% used [0x00000000ee200000,0x00000000ee200000,0x00000000ee900000)
 ParOldGen       total 35840K, used 13135K [0x00000000c0000000, 0x00000000c2300000, 0x00000000eaa80000)
  object space 35840K, 36% used [0x00000000c0000000,0x00000000c0cd3f10,0x00000000c2300000)
 PSPermGen       total 21504K, used 5473K [0x00000000bae00000, 0x00000000bc300000, 0x00000000c0000000)
  object space 21504K, 25% used [0x00000000bae00000,0x00000000bb3585d8,0x00000000bc300000)
}
Event: 65.959 GC heap before
{Heap before GC invocations=7 (full 0):
 PSYoungGen      total 63488K, used 62942K [0x00000000eaa80000, 0x00000000ef080000, 0x0000000100000000)
  eden space 56832K, 100% used [0x00000000eaa80000,0x00000000ee200000,0x00000000ee200000)
  from space 6656K, 91% used [0x00000000ee900000,0x00000000eeef7868,0x00000000eef80000)
  to   space 7168K, 0% used [0x00000000ee200000,0x00000000ee200000,0x00000000ee900000)
 ParOldGen       total 35840K, used 13135K [0x00000000c0000000, 0x00000000c2300000, 0x00000000eaa80000)
  object space 35840K, 36% used [0x00000000c0000000,0x00000000c0cd3f10,0x00000000c2300000)
 PSPermGen       total 21504K, used 5512K [0x00000000bae00000, 0x00000000bc300000, 0x00000000c0000000)
  object space 21504K, 25% used [0x00000000bae00000,0x00000000bb3620a0,0x00000000bc300000)
Event: 66.518 GC heap after
Heap after GC invocations=7 (full 0):
 PSYoungGen      total 64000K, used 7167K [0x00000000eaa80000, 0x00000000f3080000, 0x0000000100000000)
  eden space 56832K, 0% used [0x00000000eaa80000,0x00000000eaa80000,0x00000000ee200000)
  from space 7168K, 99% used [0x00000000ee200000,0x00000000ee8ffe00,0x00000000ee900000)
  to   space 11776K, 0% used [0x00000000f2500000,0x00000000f2500000,0x00000000f3080000)
 ParOldGen       total 35840K, used 20660K [0x00000000c0000000, 0x00000000c2300000, 0x00000000eaa80000)
  object space 35840K, 57% used [0x00000000c0000000,0x00000000c142d3b0,0x00000000c2300000)
 PSPermGen       total 21504K, used 5512K [0x00000000bae00000, 0x00000000bc300000, 0x00000000c0000000)
  object space 21504K, 25% used [0x00000000bae00000,0x00000000bb3620a0,0x00000000bc300000)
}
Event: 77.562 GC heap before
{Heap before GC invocations=8 (full 0):
 PSYoungGen      total 64000K, used 63999K [0x00000000eaa80000, 0x00000000f3080000, 0x0000000100000000)
  eden space 56832K, 100% used [0x00000000eaa80000,0x00000000ee200000,0x00000000ee200000)
  from space 7168K, 99% used [0x00000000ee200000,0x00000000ee8ffe00,0x00000000ee900000)
  to   space 11776K, 0% used [0x00000000f2500000,0x00000000f2500000,0x00000000f3080000)
 ParOldGen       total 35840K, used 20660K [0x00000000c0000000, 0x00000000c2300000, 0x00000000eaa80000)
  object space 35840K, 57% used [0x00000000c0000000,0x00000000c142d3b0,0x00000000c2300000)
 PSPermGen       total 21504K, used 5524K [0x00000000bae00000, 0x00000000bc300000, 0x00000000c0000000)
  object space 21504K, 25% used [0x00000000bae00000,0x00000000bb3653a0,0x00000000bc300000)
Event: 78.462 GC heap after
Heap after GC invocations=8 (full 0):
 PSYoungGen      total 121344K, used 11756K [0x00000000eaa80000, 0x00000000f3880000, 0x0000000100000000)
  eden space 109568K, 0% used [0x00000000eaa80000,0x00000000eaa80000,0x00000000f1580000)
  from space 11776K, 99% used [0x00000000f2500000,0x00000000f307b0d0,0x00000000f3080000)
  to   space 15872K, 0% used [0x00000000f1580000,0x00000000f1580000,0x00000000f2500000)
 ParOldGen       total 35840K, used 25633K [0x00000000c0000000, 0x00000000c2300000, 0x00000000eaa80000)
  object space 35840K, 71% used [0x00000000c0000000,0x00000000c1908728,0x00000000c2300000)
 PSPermGen       total 21504K, used 5524K [0x00000000bae00000, 0x00000000bc300000, 0x00000000c0000000)
  object space 21504K, 25% used [0x00000000bae00000,0x00000000bb3653a0,0x00000000bc300000)
}
Event: 100.344 GC heap before
{Heap before GC invocations=9 (full 0):
 PSYoungGen      total 121344K, used 121324K [0x00000000eaa80000, 0x00000000f3880000, 0x0000000100000000)
  eden space 109568K, 100% used [0x00000000eaa80000,0x00000000f1580000,0x00000000f1580000)
  from space 11776K, 99% used [0x00000000f2500000,0x00000000f307b0d0,0x00000000f3080000)
  to   space 15872K, 0% used [0x00000000f1580000,0x00000000f1580000,0x00000000f2500000)
 ParOldGen       total 35840K, used 25633K [0x00000000c0000000, 0x00000000c2300000, 0x00000000eaa80000)
  object space 35840K, 71% used [0x00000000c0000000,0x00000000c1908728,0x00000000c2300000)
 PSPermGen       total 21504K, used 5565K [0x00000000bae00000, 0x00000000bc300000, 0x00000000c0000000)
  object space 21504K, 25% used [0x00000000bae00000,0x00000000bb36f778,0x00000000bc300000)

