# JRE version: Java(TM) SE Runtime Environment (7.0_80-b15) (build 1.7.0_80-b15)
# Java VM: Java HotSpot(TM) 64-Bit Server VM (24.80-b11 mixed mode linux-amd64 compressed oops)
Heap
 PSYoungGen      total 125440K, used 12783K [0x00000000eaa80000, 0x00000000f3380000, 0x0000000100000000)
  eden space 112640K, 0% used [0x00000000eaa80000,0x00000000eaa80000,0x00000000f1880000)
  from space 12800K, 99% used [0x00000000f1880000,0x00000000f24fbec8,0x00000000f2500000)
  to   space 10752K, 0% used [0x00000000f2500000,0x00000000f2500000,0x00000000f2f80000)
 ParOldGen       total 38912K, used 38449K [0x00000000c0000000, 0x00000000c2600000, 0x00000000eaa80000)
  object space 38912K, 98% used [0x00000000c0000000,0x00000000c258c518,0x00000000c2600000)
 PSPermGen       total 21504K, used 5563K [0x00000000bae00000, 0x00000000bc300000, 0x00000000c0000000)
  object space 21504K, 25% used [0x00000000bae00000,0x00000000bb36eeb8,0x00000000bc300000)
GC Heap History (10 events):
Event: 16.139 GC heap after
Heap after GC invocations=2 (full 0):
 PSYoungGen      total 30720K, used 2016K [0x00000000eaa80000, 0x00000000eca80000, 0x0000000100000000)
  eden space 28672K, 0% used [0x00000000eaa80000,0x00000000eaa80000,0x00000000ec680000)
  from space 2048K, 98% used [0x00000000ec880000,0x00000000eca78038,0x00000000eca80000)
  to   space 2048K, 0% used [0x00000000ec680000,0x00000000ec680000,0x00000000ec880000)
 ParOldGen       total 35840K, used 4055K [0x00000000c0000000, 0x00000000c2300000, 0x00000000eaa80000)
  object space 35840K, 11% used [0x00000000c0000000,0x00000000c03f5f28,0x00000000c2300000)
 PSPermGen       total 21504K, used 5317K [0x00000000bae00000, 0x00000000bc300000, 0x00000000c0000000)
  object space 21504K, 24% used [0x00000000bae00000,0x00000000bb3315d8,0x00000000bc300000)
}
Event: 24.922 GC heap before
{Heap before GC invocations=3 (full 0):
 PSYoungGen      total 30720K, used 30688K [0x00000000eaa80000, 0x00000000eca80000, 0x0000000100000000)
  eden space 28672K, 100% used [0x00000000eaa80000,0x00000000ec680000,0x00000000ec680000)
  from space 2048K, 98% used [0x00000000ec880000,0x00000000eca78038,0x00000000eca80000)
  to   space 2048K, 0% used [0x00000000ec680000,0x00000000ec680000,0x00000000ec880000)
 ParOldGen       total 35840K, used 4055K [0x00000000c0000000, 0x00000000c2300000, 0x00000000eaa80000)
  object space 35840K, 11% used [0x00000000c0000000,0x00000000c03f5f28,0x00000000c2300000)
 PSPermGen       total 21504K, used 5423K [0x00000000bae00000, 0x00000000bc300000, 0x00000000c0000000)
  object space 21504K, 25% used [0x00000000bae00000,0x00000000bb34bcb0,0x00000000bc300000)
Event: 25.059 GC heap after
Heap after GC invocations=3 (full 0):
 PSYoungGen      total 30720K, used 2016K [0x00000000eaa80000, 0x00000000ee680000, 0x0000000100000000)
  eden space 28672K, 0% used [0x00000000eaa80000,0x00000000eaa80000,0x00000000ec680000)
  from space 2048K, 98% used [0x00000000ec680000,0x00000000ec878028,0x00000000ec880000)
  to   space 2048K, 0% used [0x00000000ee480000,0x00000000ee480000,0x00000000ee680000)
 ParOldGen       total 35840K, used 8587K [0x00000000c0000000, 0x00000000c2300000, 0x00000000eaa80000)
  object space 35840K, 23% used [0x00000000c0000000,0x00000000c0862ff0,0x00000000c2300000)
 PSPermGen       total 21504K, used 5423K [0x00000000bae00000, 0x00000000bc300000, 0x00000000c0000000)
  object space 21504K, 25% used [0x00000000bae00000,0x00000000bb34bcb0,0x00000000bc300000)
}
Event: 31.289 GC heap before
{Heap before GC invocations=4 (full 0):
 PSYoungGen      total 30720K, used 30688K [0x00000000eaa80000, 0x00000000ee680000, 0x0000000100000000)
  eden space 28672K, 100% used [0x00000000eaa80000,0x00000000ec680000,0x00000000ec680000)
  from space 2048K, 98% used [0x00000000ec680000,0x00000000ec878028,0x00000000ec880000)
  to   space 2048K, 0% used [0x00000000ee480000,0x00000000ee480000,0x00000000ee680000)
 ParOldGen       total 35840K, used 8587K [0x00000000c0000000, 0x00000000c2300000, 0x00000000eaa80000)
  object space 35840K, 23% used [0x00000000c0000000,0x00000000c0862ff0,0x00000000c2300000)
 PSPermGen       total 21504K, used 5463K [0x00000000bae00000, 0x00000000bc300000, 0x00000000c0000000)
  object space 21504K, 25% used [0x00000000bae00000,0x00000000bb355c28,0x00000000bc300000)
Event: 31.532 GC heap after
Heap after GC invocations=4 (full 0):
 PSYoungGen      total 59392K, used 2040K [0x00000000eaa80000, 0x00000000ee680000, 0x0000000100000000)
  eden space 57344K, 0% used [0x00000000eaa80000,0x00000000eaa80000,0x00000000ee280000)
  from space 2048K, 99% used [0x00000000ee480000,0x00000000ee67e050,0x00000000ee680000)
  to   space 2048K, 0% used [0x00000000ee280000,0x00000000ee280000,0x00000000ee480000)
 ParOldGen       total 35840K, used 13130K [0x00000000c0000000, 0x00000000c2300000, 0x00000000eaa80000)
  object space 35840K, 36% used [0x00000000c0000000,0x00000000c0cd2960,0x00000000c2300000)
 PSPermGen       total 21504K, used 5463K [0x00000000bae00000, 0x00000000bc300000, 0x00000000c0000000)
  object space 21504K, 25% used [0x00000000bae00000,0x00000000bb355c28,0x00000000bc300000)
}
Event: 41.865 GC heap before
{Heap before GC invocations=5 (full 0):
 PSYoungGen      total 59392K, used 59384K [0x00000000eaa80000, 0x00000000ee680000, 0x0000000100000000)
  eden space 57344K, 100% used [0x00000000eaa80000,0x00000000ee280000,0x00000000ee280000)
  from space 2048K, 99% used [0x00000000ee480000,0x00000000ee67e050,0x00000000ee680000)
  to   space 2048K, 0% used [0x00000000ee280000,0x00000000ee280000,0x00000000ee480000)
 ParOldGen       total 35840K, used 13130K [0x00000000c0000000, 0x00000000c2300000, 0x00000000eaa80000)
  object space 35840K, 36% used [0x00000000c0000000,0x00000000c0cd2960,0x00000000c2300000)
 PSPermGen       total 21504K, used 5488K [0x00000000bae00000, 0x00000000bc300000, 0x00000000c0000000)
  object space 21504K, 25% used [0x00000000bae00000,0x00000000bb35c2d0,0x00000000bc300000)
Event: 42.236 GC heap after
Heap after GC invocations=5 (full 0):
 PSYoungGen      total 59392K, used 2020K [0x00000000eaa80000, 0x00000000f2f80000, 0x0000000100000000)
  eden space 57344K, 0% used [0x00000000eaa80000,0x00000000eaa80000,0x00000000ee280000)
  from space 2048K, 98% used [0x00000000ee280000,0x00000000ee4792d8,0x00000000ee480000)
  to   space 10752K, 0% used [0x00000000f2500000,0x00000000f2500000,0x00000000f2f80000)
 ParOldGen       total 35840K, used 21436K [0x00000000c0000000, 0x00000000c2300000, 0x00000000eaa80000)
  object space 35840K, 59% used [0x00000000c0000000,0x00000000c14ef040,0x00000000c2300000)
 PSPermGen       total 21504K, used 5488K [0x00000000bae00000, 0x00000000bc300000, 0x00000000c0000000)
  object space 21504K, 25% used [0x00000000bae00000,0x00000000bb35c2d0,0x00000000bc300000)
}
Event: 50.861 GC heap before
{Heap before GC invocations=6 (full 0):
 PSYoungGen      total 59392K, used 59364K [0x00000000eaa80000, 0x00000000f2f80000, 0x0000000100000000)
  eden space 57344K, 100% used [0x00000000eaa80000,0x00000000ee280000,0x00000000ee280000)
  from space 2048K, 98% used [0x00000000ee280000,0x00000000ee4792d8,0x00000000ee480000)
  to   space 10752K, 0% used [0x00000000f2500000,0x00000000f2500000,0x00000000f2f80000)
 ParOldGen       total 35840K, used 21436K [0x00000000c0000000, 0x00000000c2300000, 0x00000000eaa80000)
  object space 35840K, 59% used [0x00000000c0000000,0x00000000c14ef040,0x00000000c2300000)
 PSPermGen       total 21504K, used 5518K [0x00000000bae00000, 0x00000000bc300000, 0x00000000c0000000)
  object space 21504K, 25% used [0x00000000bae00000,0x00000000bb363a10,0x00000000bc300000)
Event: 51.289 GC heap after
Heap after GC invocations=6 (full 0):
 PSYoungGen      total 123392K, used 10747K [0x00000000eaa80000, 0x00000000f3380000, 0x0000000100000000)
  eden space 112640K, 0% used [0x00000000eaa80000,0x00000000eaa80000,0x00000000f1880000)
  from space 10752K, 99% used [0x00000000f2500000,0x00000000f2f7eed8,0x00000000f2f80000)
  to   space 12800K, 0% used [0x00000000f1880000,0x00000000f1880000,0x00000000f2500000)
 ParOldGen       total 35840K, used 21483K [0x00000000c0000000, 0x00000000c2300000, 0x00000000eaa80000)
  object space 35840K, 59% used [0x00000000c0000000,0x00000000c14fad58,0x00000000c2300000)
 PSPermGen       total 21504K, used 5518K [0x00000000bae00000, 0x00000000bc300000, 0x00000000c0000000)
  object space 21504K, 25% used [0x00000000bae00000,0x00000000bb363a10,0x00000000bc300000)
}
Event: 65.758 GC heap before
{Heap before GC invocations=7 (full 0):
 PSYoungGen      total 123392K, used 123387K [0x00000000eaa80000, 0x00000000f3380000, 0x0000000100000000)
  eden space 112640K, 100% used [0x00000000eaa80000,0x00000000f1880000,0x00000000f1880000)
  from space 10752K, 99% used [0x00000000f2500000,0x00000000f2f7eed8,0x00000000f2f80000)
  to   space 12800K, 0% used [0x00000000f1880000,0x00000000f1880000,0x00000000f2500000)
 ParOldGen       total 35840K, used 21483K [0x00000000c0000000, 0x00000000c2300000, 0x00000000eaa80000)
  object space 35840K, 59% used [0x00000000c0000000,0x00000000c14fad58,0x00000000c2300000)
 PSPermGen       total 21504K, used 5563K [0x00000000bae00000, 0x00000000bc300000, 0x00000000c0000000)
  object space 21504K, 25% used [0x00000000bae00000,0x00000000bb36eeb8,0x00000000bc300000)

