# JRE version: Java(TM) SE Runtime Environment (7.0_80-b15) (build 1.7.0_80-b15)
# Java VM: Java HotSpot(TM) 64-Bit Server VM (24.80-b11 mixed mode linux-amd64 compressed oops)
Heap
 PSYoungGen      total 66560K, used 12270K [0x00000000eaa80000, 0x00000000efa80000, 0x0000000100000000)
  eden space 54272K, 0% used [0x00000000eaa80000,0x00000000eaa80000,0x00000000edf80000)
  from space 12288K, 99% used [0x00000000edf80000,0x00000000eeb7bb50,0x00000000eeb80000)
  to   space 9216K, 0% used [0x00000000eeb80000,0x00000000eeb80000,0x00000000ef480000)
 ParOldGen       total 36864K, used 36011K [0x00000000c0000000, 0x00000000c2400000, 0x00000000eaa80000)
  object space 36864K, 97% used [0x00000000c0000000,0x00000000c232ae50,0x00000000c2400000)
 PSPermGen       total 21504K, used 5041K [0x00000000bae00000, 0x00000000bc300000, 0x00000000c0000000)
  object space 21504K, 23% used [0x00000000bae00000,0x00000000bb2ec790,0x00000000bc300000)
GC Heap History (10 events):
Event: 18.138 GC heap after
Heap after GC invocations=2 (full 0):
 PSYoungGen      total 16384K, used 2025K [0x00000000eaa80000, 0x00000000eca80000, 0x0000000100000000)
  eden space 14336K, 0% used [0x00000000eaa80000,0x00000000eaa80000,0x00000000eb880000)
  from space 2048K, 98% used [0x00000000eba80000,0x00000000ebc7a498,0x00000000ebc80000)
  to   space 2048K, 0% used [0x00000000eb880000,0x00000000eb880000,0x00000000eba80000)
 ParOldGen       total 35840K, used 9181K [0x00000000c0000000, 0x00000000c2300000, 0x00000000eaa80000)
  object space 35840K, 25% used [0x00000000c0000000,0x00000000c08f7548,0x00000000c2300000)
 PSPermGen       total 21504K, used 4850K [0x00000000bae00000, 0x00000000bc300000, 0x00000000c0000000)
  object space 21504K, 22% used [0x00000000bae00000,0x00000000bb2bcbf0,0x00000000bc300000)
}
Event: 28.126 GC heap before
{Heap before GC invocations=3 (full 0):
 PSYoungGen      total 16384K, used 16361K [0x00000000eaa80000, 0x00000000eca80000, 0x0000000100000000)
  eden space 14336K, 100% used [0x00000000eaa80000,0x00000000eb880000,0x00000000eb880000)
  from space 2048K, 98% used [0x00000000eba80000,0x00000000ebc7a498,0x00000000ebc80000)
  to   space 2048K, 0% used [0x00000000eb880000,0x00000000eb880000,0x00000000eba80000)
 ParOldGen       total 35840K, used 9181K [0x00000000c0000000, 0x00000000c2300000, 0x00000000eaa80000)
  object space 35840K, 25% used [0x00000000c0000000,0x00000000c08f7548,0x00000000c2300000)
 PSPermGen       total 21504K, used 4918K [0x00000000bae00000, 0x00000000bc300000, 0x00000000c0000000)
  object space 21504K, 22% used [0x00000000bae00000,0x00000000bb2cd878,0x00000000bc300000)
Event: 28.374 GC heap after
Heap after GC invocations=3 (full 0):
 PSYoungGen      total 16384K, used 2025K [0x00000000eaa80000, 0x00000000eca80000, 0x0000000100000000)
  eden space 14336K, 0% used [0x00000000eaa80000,0x00000000eaa80000,0x00000000eb880000)
  from space 2048K, 98% used [0x00000000eb880000,0x00000000eba7a480,0x00000000eba80000)
  to   space 2048K, 0% used [0x00000000ec880000,0x00000000ec880000,0x00000000eca80000)
 ParOldGen       total 35840K, used 14127K [0x00000000c0000000, 0x00000000c2300000, 0x00000000eaa80000)
  object space 35840K, 39% used [0x00000000c0000000,0x00000000c0dcbe08,0x00000000c2300000)
 PSPermGen       total 21504K, used 4918K [0x00000000bae00000, 0x00000000bc300000, 0x00000000c0000000)
  object space 21504K, 22% used [0x00000000bae00000,0x00000000bb2cd878,0x00000000bc300000)
}
Event: 39.391 GC heap before
{Heap before GC invocations=4 (full 0):
 PSYoungGen      total 16384K, used 16361K [0x00000000eaa80000, 0x00000000eca80000, 0x0000000100000000)
  eden space 14336K, 100% used [0x00000000eaa80000,0x00000000eb880000,0x00000000eb880000)
  from space 2048K, 98% used [0x00000000eb880000,0x00000000eba7a480,0x00000000eba80000)
  to   space 2048K, 0% used [0x00000000ec880000,0x00000000ec880000,0x00000000eca80000)
 ParOldGen       total 35840K, used 14127K [0x00000000c0000000, 0x00000000c2300000, 0x00000000eaa80000)
  object space 35840K, 39% used [0x00000000c0000000,0x00000000c0dcbe08,0x00000000c2300000)
 PSPermGen       total 21504K, used 4988K [0x00000000bae00000, 0x00000000bc300000, 0x00000000c0000000)
  object space 21504K, 23% used [0x00000000bae00000,0x00000000bb2df0c0,0x00000000bc300000)
Event: 39.710 GC heap after
Heap after GC invocations=4 (full 0):
 PSYoungGen      total 30720K, used 2025K [0x00000000eaa80000, 0x00000000eca80000, 0x0000000100000000)
  eden space 28672K, 0% used [0x00000000eaa80000,0x00000000eaa80000,0x00000000ec680000)
  from space 2048K, 98% used [0x00000000ec880000,0x00000000eca7a480,0x00000000eca80000)
  to   space 2048K, 0% used [0x00000000ec680000,0x00000000ec680000,0x00000000ec880000)
 ParOldGen       total 35840K, used 19006K [0x00000000c0000000, 0x00000000c2300000, 0x00000000eaa80000)
  object space 35840K, 53% used [0x00000000c0000000,0x00000000c128fb88,0x00000000c2300000)
 PSPermGen       total 21504K, used 4988K [0x00000000bae00000, 0x00000000bc300000, 0x00000000c0000000)
  object space 21504K, 23% used [0x00000000bae00000,0x00000000bb2df0c0,0x00000000bc300000)
}
Event: 50.285 GC heap before
{Heap before GC invocations=5 (full 0):
 PSYoungGen      total 30720K, used 30697K [0x00000000eaa80000, 0x00000000eca80000, 0x0000000100000000)
  eden space 28672K, 100% used [0x00000000eaa80000,0x00000000ec680000,0x00000000ec680000)
  from space 2048K, 98% used [0x00000000ec880000,0x00000000eca7a480,0x00000000eca80000)
  to   space 2048K, 0% used [0x00000000ec680000,0x00000000ec680000,0x00000000ec880000)
 ParOldGen       total 35840K, used 19006K [0x00000000c0000000, 0x00000000c2300000, 0x00000000eaa80000)
  object space 35840K, 53% used [0x00000000c0000000,0x00000000c128fb88,0x00000000c2300000)
 PSPermGen       total 21504K, used 5014K [0x00000000bae00000, 0x00000000bc300000, 0x00000000c0000000)
  object space 21504K, 23% used [0x00000000bae00000,0x00000000bb2e59d8,0x00000000bc300000)
Event: 50.634 GC heap after
Heap after GC invocations=5 (full 0):
 PSYoungGen      total 30720K, used 2025K [0x00000000eaa80000, 0x00000000ef480000, 0x0000000100000000)
  eden space 28672K, 0% used [0x00000000eaa80000,0x00000000eaa80000,0x00000000ec680000)
  from space 2048K, 98% used [0x00000000ec680000,0x00000000ec87a480,0x00000000ec880000)
  to   space 9216K, 0% used [0x00000000eeb80000,0x00000000eeb80000,0x00000000ef480000)
 ParOldGen       total 35840K, used 22637K [0x00000000c0000000, 0x00000000c2300000, 0x00000000eaa80000)
  object space 35840K, 63% used [0x00000000c0000000,0x00000000c161b5e8,0x00000000c2300000)
 PSPermGen       total 21504K, used 5014K [0x00000000bae00000, 0x00000000bc300000, 0x00000000c0000000)
  object space 21504K, 23% used [0x00000000bae00000,0x00000000bb2e59d8,0x00000000bc300000)
}
Event: 56.415 GC heap before
{Heap before GC invocations=6 (full 0):
 PSYoungGen      total 30720K, used 30697K [0x00000000eaa80000, 0x00000000ef480000, 0x0000000100000000)
  eden space 28672K, 100% used [0x00000000eaa80000,0x00000000ec680000,0x00000000ec680000)
  from space 2048K, 98% used [0x00000000ec680000,0x00000000ec87a480,0x00000000ec880000)
  to   space 9216K, 0% used [0x00000000eeb80000,0x00000000eeb80000,0x00000000ef480000)
 ParOldGen       total 35840K, used 22637K [0x00000000c0000000, 0x00000000c2300000, 0x00000000eaa80000)
  object space 35840K, 63% used [0x00000000c0000000,0x00000000c161b5e8,0x00000000c2300000)
 PSPermGen       total 21504K, used 5033K [0x00000000bae00000, 0x00000000bc300000, 0x00000000c0000000)
  object space 21504K, 23% used [0x00000000bae00000,0x00000000bb2ea448,0x00000000bc300000)
Event: 56.668 GC heap after
Heap after GC invocations=6 (full 0):
 PSYoungGen      total 63488K, used 9213K [0x00000000eaa80000, 0x00000000efa80000, 0x0000000100000000)
  eden space 54272K, 0% used [0x00000000eaa80000,0x00000000eaa80000,0x00000000edf80000)
  from space 9216K, 99% used [0x00000000eeb80000,0x00000000ef47f430,0x00000000ef480000)
  to   space 12288K, 0% used [0x00000000edf80000,0x00000000edf80000,0x00000000eeb80000)
 ParOldGen       total 35840K, used 26398K [0x00000000c0000000, 0x00000000c2300000, 0x00000000eaa80000)
  object space 35840K, 73% used [0x00000000c0000000,0x00000000c19c7848,0x00000000c2300000)
 PSPermGen       total 21504K, used 5033K [0x00000000bae00000, 0x00000000bc300000, 0x00000000c0000000)
  object space 21504K, 23% used [0x00000000bae00000,0x00000000bb2ea448,0x00000000bc300000)
}
Event: 67.226 GC heap before
{Heap before GC invocations=7 (full 0):
 PSYoungGen      total 63488K, used 63485K [0x00000000eaa80000, 0x00000000efa80000, 0x0000000100000000)
  eden space 54272K, 100% used [0x00000000eaa80000,0x00000000edf80000,0x00000000edf80000)
  from space 9216K, 99% used [0x00000000eeb80000,0x00000000ef47f430,0x00000000ef480000)
  to   space 12288K, 0% used [0x00000000edf80000,0x00000000edf80000,0x00000000eeb80000)
 ParOldGen       total 35840K, used 26398K [0x00000000c0000000, 0x00000000c2300000, 0x00000000eaa80000)
  object space 35840K, 73% used [0x00000000c0000000,0x00000000c19c7848,0x00000000c2300000)
 PSPermGen       total 21504K, used 5041K [0x00000000bae00000, 0x00000000bc300000, 0x00000000c0000000)
  object space 21504K, 23% used [0x00000000bae00000,0x00000000bb2ec790,0x00000000bc300000)

